<?xml version="1.0" encoding="UTF-8"?>
<!-- Generated by org.testng.reporters.JUnitXMLReporter -->
<testsuite ignored="3" hostname="DSPJHR3LT" failures="2" tests="5" name="Test" time="39.65" errors="0" timestamp="2025-11-12T16:44:16 IST">
  <testcase classname="org.sample.smoke.LoginTest2" name="LoginAndLogoutFuncitonality" time="4.603">
    <failure type="java.lang.AssertionError" message="Test terminated due to exception: Login Failed">
      <![CDATA[java.lang.AssertionError: Test terminated due to exception: Login Failed
at org.testng.Assert.fail(Assert.java:111)
at org.framework.logger.FrameworkServiceManager.exception(FrameworkServiceManager.java:41)
at org.application.steps.LoginPage.validateLoginFunctionality(LoginPage.java:51)
at org.sample.smoke.LoginTest2.LoginAndLogoutFuncitonality(LoginTest2.java:46)
at java.base/jdk.internal.reflect.NativeMethodAccessorImpl.invoke0(Native Method)
at java.base/jdk.internal.reflect.NativeMethodAccessorImpl.invoke(NativeMethodAccessorImpl.java:62)
at java.base/jdk.internal.reflect.DelegatingMethodAccessorImpl.invoke(DelegatingMethodAccessorImpl.java:43)
at java.base/java.lang.reflect.Method.invoke(Method.java:566)
at org.testng.internal.invokers.MethodInvocationHelper.invokeMethod(MethodInvocationHelper.java:141)
at org.testng.internal.invokers.TestInvoker.invokeMethod(TestInvoker.java:687)
at org.testng.internal.invokers.TestInvoker.invokeTestMethod(TestInvoker.java:230)
at org.testng.internal.invokers.MethodRunner.runInSequence(MethodRunner.java:63)
at org.testng.internal.invokers.TestInvoker$MethodInvocationAgent.invoke(TestInvoker.java:995)
at org.testng.internal.invokers.TestInvoker.invokeTestMethods(TestInvoker.java:203)
at org.testng.internal.invokers.TestMethodWorker.invokeTestMethods(TestMethodWorker.java:154)
at org.testng.internal.invokers.TestMethodWorker.run(TestMethodWorker.java:134)
at java.base/java.util.concurrent.Executors$RunnableAdapter.call(Executors.java:515)
at java.base/java.util.concurrent.FutureTask.run(FutureTask.java:264)
at org.testng.internal.thread.graph.TestNGFutureTask.run(TestNGFutureTask.java:22)
at java.base/java.util.concurrent.ThreadPoolExecutor.runWorker(ThreadPoolExecutor.java:1128)
at java.base/java.util.concurrent.ThreadPoolExecutor$Worker.run(ThreadPoolExecutor.java:628)
at java.base/java.lang.Thread.run(Thread.java:829)
]]>
    </failure>
  </testcase> <!-- LoginAndLogoutFuncitonality -->
  <testcase classname="org.sample.smoke.LoginTest" name="LoginAndLogoutFuncitonality" time="6.335"/>
  <testcase classname="org.sample.smoke.LoginTest" name="LoginAndLogoutFuncitonality" time="3.73"/>
  <testcase classname="org.sample.smoke.LoginTest" name="LoginAndLogoutFuncitonality" time="1.6">
    <failure type="java.lang.AssertionError" message="Test terminated due to exception: Login Failed">
      <![CDATA[java.lang.AssertionError: Test terminated due to exception: Login Failed
at org.testng.Assert.fail(Assert.java:111)
at org.framework.logger.FrameworkServiceManager.exception(FrameworkServiceManager.java:41)
at org.application.steps.LoginPage.validateLoginFunctionality(LoginPage.java:51)
at org.sample.smoke.LoginTest.LoginAndLogoutFuncitonality(LoginTest.java:52)
at java.base/jdk.internal.reflect.NativeMethodAccessorImpl.invoke0(Native Method)
at java.base/jdk.internal.reflect.NativeMethodAccessorImpl.invoke(NativeMethodAccessorImpl.java:62)
at java.base/jdk.internal.reflect.DelegatingMethodAccessorImpl.invoke(DelegatingMethodAccessorImpl.java:43)
at java.base/java.lang.reflect.Method.invoke(Method.java:566)
at org.testng.internal.invokers.MethodInvocationHelper.invokeMethod(MethodInvocationHelper.java:141)
at org.testng.internal.invokers.TestInvoker.invokeMethod(TestInvoker.java:687)
at org.testng.internal.invokers.TestInvoker.invokeTestMethod(TestInvoker.java:230)
at org.testng.internal.invokers.MethodRunner.runInSequence(MethodRunner.java:63)
at org.testng.internal.invokers.TestInvoker$MethodInvocationAgent.invoke(TestInvoker.java:995)
at org.testng.internal.invokers.TestInvoker.invokeTestMethods(TestInvoker.java:203)
at org.testng.internal.invokers.TestMethodWorker.invokeTestMethods(TestMethodWorker.java:154)
at org.testng.internal.invokers.TestMethodWorker.run(TestMethodWorker.java:134)
at java.base/java.util.concurrent.Executors$RunnableAdapter.call(Executors.java:515)
at java.base/java.util.concurrent.FutureTask.run(FutureTask.java:264)
at org.testng.internal.thread.graph.TestNGFutureTask.run(TestNGFutureTask.java:22)
at java.base/java.util.concurrent.ThreadPoolExecutor.runWorker(ThreadPoolExecutor.java:1128)
at java.base/java.util.concurrent.ThreadPoolExecutor$Worker.run(ThreadPoolExecutor.java:628)
at java.base/java.lang.Thread.run(Thread.java:829)
]]>
    </failure>
  </testcase> <!-- LoginAndLogoutFuncitonality -->
  <testcase classname="org.sample.smoke.LoginTest2" name="LoginAndLogoutFuncitonality" time="4.717"/>
  <testcase classname="org.framework.base.BaseTest" name="@AfterSuite closeBrowser" time="0.0">
    <ignored/>
  </testcase> <!-- @AfterSuite closeBrowser -->
  <testcase classname="org.framework.base.BaseTest" name="@BeforeSuite initiatePropertyFile" time="0.0">
    <ignored/>
  </testcase> <!-- @BeforeSuite initiatePropertyFile -->
  <testcase classname="org.framework.base.BaseTest" name="@BeforeSuite reportSetup" time="0.0">
    <ignored/>
  </testcase> <!-- @BeforeSuite reportSetup -->
</testsuite> <!-- Test -->
