<?xml version="1.0" encoding="UTF-8"?>
<testng-results ignored="0" total="3" passed="2" failed="1" skipped="0">
  <reporter-output>
  </reporter-output>
  <suite started-at="2025-11-12T16:58:22 IST" name="Default suite" finished-at="2025-11-12T16:58:59 IST" duration-ms="36526">
    <groups>
    </groups>
    <test started-at="2025-11-12T16:58:22 IST" name="Default test" finished-at="2025-11-12T16:58:59 IST" duration-ms="36526">
      <class name="org.sample.smoke.LoginTest">
        <test-method is-config="true" signature="initiatePropertyFile()[pri:0, instance:org.sample.smoke.LoginTest@fd07cbb]" started-at="2025-11-12T16:58:22 IST" name="initiatePropertyFile" finished-at="2025-11-12T16:58:22 IST" duration-ms="43" status="PASS">
          <reporter-output>
          </reporter-output>
        </test-method> <!-- initiatePropertyFile -->
        <test-method is-config="true" signature="reportSetup()[pri:0, instance:org.sample.smoke.LoginTest@fd07cbb]" started-at="2025-11-12T16:58:22 IST" name="reportSetup" finished-at="2025-11-12T16:58:22 IST" depends-on-methods="org.framework.base.BaseTest.initiatePropertyFile" duration-ms="203" status="PASS">
          <reporter-output>
          </reporter-output>
        </test-method> <!-- reportSetup -->
        <test-method is-config="true" signature="setUp()[pri:0, instance:org.sample.smoke.LoginTest@fd07cbb]" started-at="2025-11-12T16:58:22 IST" name="setUp" finished-at="2025-11-12T16:58:46 IST" duration-ms="24155" status="PASS">
          <reporter-output>
          </reporter-output>
        </test-method> <!-- setUp -->
        <test-method is-config="true" signature="Setup()[pri:0, instance:org.sample.smoke.LoginTest@fd07cbb]" started-at="2025-11-12T16:58:46 IST" name="Setup" finished-at="2025-11-12T16:58:47 IST" duration-ms="393" status="PASS">
          <reporter-output>
          </reporter-output>
        </test-method> <!-- Setup -->
        <test-method signature="LoginAndLogoutFuncitonality(java.lang.String,java.lang.String,java.lang.String,java.lang.String)[pri:0, instance:org.sample.smoke.LoginTest@fd07cbb]" started-at="2025-11-12T16:58:47 IST" name="LoginAndLogoutFuncitonality" description="Login and Logout functionality" data-provider="portalCredentials" finished-at="2025-11-12T16:58:52 IST" duration-ms="5798" status="PASS">
          <params>
            <param index="0">
              <value>
                <![CDATA[Test Case3]]>
              </value>
            </param>
            <param index="1">
              <value>
                <![CDATA[student]]>
              </value>
            </param>
            <param index="2">
              <value>
                <![CDATA[V2fcGf69cXD6chVeudHRLafV7X5Pn9p5]]>
              </value>
            </param>
            <param index="3">
              <value>
                <![CDATA[with correct Password]]>
              </value>
            </param>
          </params>
          <reporter-output>
          </reporter-output>
        </test-method> <!-- LoginAndLogoutFuncitonality -->
        <test-method is-config="true" signature="flushReport()[pri:0, instance:org.sample.smoke.LoginTest@fd07cbb]" started-at="2025-11-12T16:58:52 IST" name="flushReport" finished-at="2025-11-12T16:58:52 IST" duration-ms="33" status="PASS">
          <reporter-output>
          </reporter-output>
        </test-method> <!-- flushReport -->
        <test-method signature="LoginAndLogoutFuncitonality(java.lang.String,java.lang.String,java.lang.String,java.lang.String)[pri:0, instance:org.sample.smoke.LoginTest@fd07cbb]" started-at="2025-11-12T16:58:52 IST" name="LoginAndLogoutFuncitonality" description="Login and Logout functionality" data-provider="portalCredentials" finished-at="2025-11-12T16:58:54 IST" duration-ms="1611" status="PASS">
          <params>
            <param index="0">
              <value>
                <![CDATA[Test Case4]]>
              </value>
            </param>
            <param index="1">
              <value>
                <![CDATA[student]]>
              </value>
            </param>
            <param index="2">
              <value>
                <![CDATA[V2fcGf69cXD6chVeudHRLafV7X5Pn9p5]]>
              </value>
            </param>
            <param index="3">
              <value>
                <![CDATA[with correct credentials]]>
              </value>
            </param>
          </params>
          <reporter-output>
          </reporter-output>
        </test-method> <!-- LoginAndLogoutFuncitonality -->
        <test-method is-config="true" signature="flushReport()[pri:0, instance:org.sample.smoke.LoginTest@fd07cbb]" started-at="2025-11-12T16:58:54 IST" name="flushReport" finished-at="2025-11-12T16:58:54 IST" duration-ms="35" status="PASS">
          <reporter-output>
          </reporter-output>
        </test-method> <!-- flushReport -->
        <test-method signature="LoginAndLogoutFuncitonality(java.lang.String,java.lang.String,java.lang.String,java.lang.String)[pri:0, instance:org.sample.smoke.LoginTest@fd07cbb]" started-at="2025-11-12T16:58:54 IST" name="LoginAndLogoutFuncitonality" description="Login and Logout functionality" data-provider="portalCredentials" finished-at="2025-11-12T16:58:55 IST" duration-ms="1279" status="FAIL">
          <params>
            <param index="0">
              <value>
                <![CDATA[Test Case5]]>
              </value>
            </param>
            <param index="1">
              <value>
                <![CDATA[studen]]>
              </value>
            </param>
            <param index="2">
              <value>
                <![CDATA[r9gdQ5BEzrFN6LImNzZHSATL3PYg97Bl]]>
              </value>
            </param>
            <param index="3">
              <value>
                <![CDATA[with incorrect Username]]>
              </value>
            </param>
          </params>
          <exception class="java.lang.AssertionError">
            <message>
              <![CDATA[Test terminated due to exception: Login Failed]]>
            </message>
            <full-stacktrace>
              <![CDATA[java.lang.AssertionError: Test terminated due to exception: Login Failed
at org.testng.Assert.fail(Assert.java:111)
at org.framework.logger.FrameworkServiceManager.exception(FrameworkServiceManager.java:41)
at org.application.steps.LoginPage.validateLoginFunctionality(LoginPage.java:56)
at org.sample.smoke.LoginTest.LoginAndLogoutFuncitonality(LoginTest.java:52)
at java.base/jdk.internal.reflect.NativeMethodAccessorImpl.invoke0(Native Method)
at java.base/jdk.internal.reflect.NativeMethodAccessorImpl.invoke(NativeMethodAccessorImpl.java:62)
at java.base/jdk.internal.reflect.DelegatingMethodAccessorImpl.invoke(DelegatingMethodAccessorImpl.java:43)
at java.base/java.lang.reflect.Method.invoke(Method.java:566)
at org.testng.internal.invokers.MethodInvocationHelper.invokeMethod(MethodInvocationHelper.java:141)
at org.testng.internal.invokers.TestInvoker.invokeMethod(TestInvoker.java:687)
at org.testng.internal.invokers.TestInvoker.invokeTestMethod(TestInvoker.java:230)
at org.testng.internal.invokers.MethodRunner.runInSequence(MethodRunner.java:63)
at org.testng.internal.invokers.TestInvoker$MethodInvocationAgent.invoke(TestInvoker.java:995)
at org.testng.internal.invokers.TestInvoker.invokeTestMethods(TestInvoker.java:203)
at org.testng.internal.invokers.TestMethodWorker.invokeTestMethods(TestMethodWorker.java:154)
at org.testng.internal.invokers.TestMethodWorker.run(TestMethodWorker.java:134)
at java.base/java.util.ArrayList.forEach(ArrayList.java:1541)
at org.testng.TestRunner.privateRun(TestRunner.java:741)
at org.testng.TestRunner.run(TestRunner.java:616)
at org.testng.SuiteRunner.runTest(SuiteRunner.java:421)
at org.testng.SuiteRunner.runSequentially(SuiteRunner.java:413)
at org.testng.SuiteRunner.privateRun(SuiteRunner.java:373)
at org.testng.SuiteRunner.run(SuiteRunner.java:312)
at org.testng.SuiteRunnerWorker.runSuite(SuiteRunnerWorker.java:52)
at org.testng.SuiteRunnerWorker.run(SuiteRunnerWorker.java:95)
at org.testng.TestNG.runSuitesSequentially(TestNG.java:1274)
at org.testng.TestNG.runSuitesLocally(TestNG.java:1208)
at org.testng.TestNG.runSuites(TestNG.java:1112)
at org.testng.TestNG.run(TestNG.java:1079)
at org.testng.remote.AbstractRemoteTestNG.run(AbstractRemoteTestNG.java:115)
at org.testng.remote.RemoteTestNG.initAndRun(RemoteTestNG.java:293)
at org.testng.remote.RemoteTestNG.main(RemoteTestNG.java:91)
]]>
            </full-stacktrace>
          </exception> <!-- java.lang.AssertionError -->
          <reporter-output>
          </reporter-output>
        </test-method> <!-- LoginAndLogoutFuncitonality -->
        <test-method is-config="true" signature="flushReport()[pri:0, instance:org.sample.smoke.LoginTest@fd07cbb]" started-at="2025-11-12T16:58:58 IST" name="flushReport" finished-at="2025-11-12T16:58:58 IST" duration-ms="19" status="PASS">
          <reporter-output>
          </reporter-output>
        </test-method> <!-- flushReport -->
        <test-method is-config="true" signature="tearDown()[pri:0, instance:org.sample.smoke.LoginTest@fd07cbb]" started-at="2025-11-12T16:58:58 IST" name="tearDown" finished-at="2025-11-12T16:58:59 IST" duration-ms="275" status="PASS">
          <reporter-output>
          </reporter-output>
        </test-method> <!-- tearDown -->
        <test-method is-config="true" signature="clear()[pri:0, instance:org.sample.smoke.LoginTest@fd07cbb]" started-at="2025-11-12T16:58:59 IST" name="clear" finished-at="2025-11-12T16:58:59 IST" duration-ms="0" status="PASS">
          <reporter-output>
          </reporter-output>
        </test-method> <!-- clear -->
        <test-method is-config="true" signature="closeBrowser()[pri:0, instance:org.sample.smoke.LoginTest@fd07cbb]" started-at="2025-11-12T16:58:59 IST" name="closeBrowser" finished-at="2025-11-12T16:58:59 IST" duration-ms="813" status="PASS">
          <reporter-output>
          </reporter-output>
        </test-method> <!-- closeBrowser -->
      </class> <!-- org.sample.smoke.LoginTest -->
    </test> <!-- Default test -->
  </suite> <!-- Default suite -->
</testng-results>
